
2021-11-30 01:00:20 -:- RQ#: 0
2021-11-30 01:00:20 -:- RECEIVED REQUEST: LOGIN 
CLIENT NAME: yardtwopride
CLIENT IP: 172.26.112.1
UDP SOCKET#: 3718
TCP SOCKET#: 3048

2021-11-30 01:00:20 -:- CLIENT: yardtwopride LOGGED IN
2021-11-30 01:00:51 -:- Client: songcousinwealth FOUND
2021-11-30 01:00:51 -:- File: '24.txt' ADDED

2021-11-30 01:00:51 -:- Client files added to JSON database: src/main/resources/Client.json
2021-11-30 01:00:51 -:- MESSAGE TO CLIENT: PUBLISHED - RQ#: 1
2021-11-30 01:00:51 -:- PUBLISH Successful


2021-11-30 01:01:04 -:- RQ#: 2
2021-11-30 01:01:04 -:- RECEIVED REQUEST: REGISTER 
CLIENT NAME: songcousinwealth
CLIENT IP: 172.26.112.1
UDP SOCKET#: 4781
TCP SOCKET#: 1166

2021-11-30 01:01:04 -:- CLIENT NOT REGISTERED: Client name exists already

2021-12-01 00:50:49 -:- RQ#: 1
2021-12-01 00:50:49 -:- RECEIVED REQUEST: REGISTER 
CLIENT NAME: pridebreathsympathy
CLIENT IP: 172.26.112.1
UDP SOCKET#: 1821
TCP SOCKET#: 9719

2021-12-01 00:50:49 -:- CLIENT REGISTERED

2021-12-01 00:52:19 -:- RQ#: 4
2021-12-01 00:52:19 -:- RECEIVED REQUEST: REGISTER 
CLIENT NAME: pridebreath
CLIENT IP: 172.26.112.1
UDP SOCKET#: 2424
TCP SOCKET#: 2401

2021-12-01 00:52:19 -:- CLIENT REGISTERED

2021-12-01 00:52:24 -:- RQ#: 5
2021-12-01 00:52:24 -:- RECEIVED REQUEST: REGISTER 
CLIENT NAME: pridebreath
CLIENT IP: 172.26.112.1
UDP SOCKET#: 2424
TCP SOCKET#: 2401

2021-12-01 00:52:24 -:- CLIENT NOT REGISTERED: Client name exists already
2021-12-01 00:52:35 -:- Client: pridebreath FOUND
2021-12-01 00:52:35 -:- SENDING LIST OF REGISTERED CLIENTS TO REQUESTING CLIENT
2021-12-01 00:52:35 -:- LIST OF REGISTERED CLIENT SENT

2021-12-01 00:52:57 -:- RQ#: 7
2021-12-01 00:52:57 -:- RECEIVED REQUEST: REGISTER 
CLIENT NAME: pridebreath
CLIENT IP: 172.26.112.1
UDP SOCKET#: 2424
TCP SOCKET#: 2401

2021-12-01 00:52:57 -:- CLIENT NOT REGISTERED: Client name exists already
2021-12-01 00:53:57 -:- Client contact information updated
2021-12-01 00:53:57 -:- Client information updated in JSON database: src/main/resources/Client.json
2021-12-01 00:53:57 -:- MESSAGE TO CLIENT: UPDATE-CONFIRMED - RQ#: 8 pridebreath 192.168.2.47 2145 2402
2021-12-01 00:53:57 -:- UPDATE-CONTACT Successful

2021-12-01 00:54:29 -:- RQ#: 9
2021-12-01 00:54:29 -:- RECEIVED REQUEST: REGISTER 
CLIENT NAME: pridebreath
CLIENT IP: 192.168.2.47
UDP SOCKET#: 2145
TCP SOCKET#: 2402

2021-12-01 00:54:29 -:- CLIENT NOT REGISTERED: Client name exists already

2021-12-01 00:54:54 -:- RQ#: 0
2021-12-01 00:54:54 -:- RECEIVED REQUEST: REGISTER 
CLIENT NAME: sessiondebtsession
CLIENT IP: 172.26.112.1
UDP SOCKET#: 9139
TCP SOCKET#: 4965

2021-12-01 00:54:54 -:- CLIENT REGISTERED
2021-12-01 00:55:03 -:- CLIENT FOUND: pridebreath
2021-12-01 00:55:03 -:- MESSAGE TO CLIENT: DE-REGISTERED - RQ#: 10 Client: pridebreath
2021-12-01 00:55:03 -:- DE-REGISTER Successful

2021-12-01 00:55:06 -:- RQ#: 11
2021-12-01 00:55:06 -:- RECEIVED REQUEST: REGISTER 
CLIENT NAME: pridebreath
CLIENT IP: 192.168.2.47
UDP SOCKET#: 2145
TCP SOCKET#: 2402

2021-12-01 00:55:06 -:- CLIENT REGISTERED
